<?xml version="1.0" encoding="UTF-8"?>
<!-- Generated by org.testng.reporters.JUnitReportReporter -->
<testsuite hostname="DESKTOP-20LNCHQ" failures="0" tests="2" name="testrunner.Billing" time="45.403" errors="0" timestamp="2025-04-13T20:08:16 IST" skipped="0">
  <testcase classname="testrunner.Billing" name="Selection" time="20.572"/>
  <testcase classname="testrunner.Billing" name="Selection2" time="24.831"/>
</testsuite> <!-- testrunner.Billing -->
